Arguments: 
  /Users/mariobrusarosco/.nvm/versions/node/v17.3.1/bin/node /Users/mariobrusarosco/.yarn/bin/yarn.js

PATH: 
  /Users/mariobrusarosco/.yarn/bin:/Users/mariobrusarosco/.config/yarn/global/node_modules/.bin:/Users/mariobrusarosco/Library/Python/3.8/bin:/Users/mariobrusarosco/.nvm/versions/node/v17.3.1/bin:/opt/homebrew/bin:/opt/homebrew/sbin:/usr/local/bin:/System/Cryptexes/App/usr/bin:/usr/bin:/bin:/usr/sbin:/sbin:/usr/local/munki:/Library/Apple/usr/bin:/Users/mariobrusarosco/.yarn/bin:/Users/mariobrusarosco/.config/yarn/global/node_modules/.bin:/Users/mariobrusarosco/Library/Python/3.8/bin:/Users/mariobrusarosco/.nvm/versions/node/v17.3.1/bin:/opt/homebrew/bin:/opt/homebrew/sbin:/Users/mariobrusarosco/bin:/Users/mariobrusarosco/bin

Yarn version: 
  1.22.19

Node version: 
  17.3.1

Platform: 
  darwin arm64

Trace: 
  SyntaxError: /Users/mariobrusarosco/Personal/top-trump/top-trump/server/package.json: Unexpected token } in JSON at position 713
      at JSON.parse (<anonymous>)
      at /Users/mariobrusarosco/.yarn/lib/cli.js:1629:59
      at Generator.next (<anonymous>)
      at step (/Users/mariobrusarosco/.yarn/lib/cli.js:310:30)
      at /Users/mariobrusarosco/.yarn/lib/cli.js:321:13

npm manifest: 
  {
    "name": "socket-server",
    "version": "0.0.0",
    "description": "Socket - Top Trump",
    "main": "index.js",
    "scripts": {
      "build": "rimraf ./dist && tsc",
      "dev": "nodemon -r dotenv/config ./src/index.ts",
      "serve-prod": "node -r dotenv/config ./dist/src/index.js",
      "compile": "tsc --noEmit"
    },
    "author": "Mario Brusarosco",
    "license": "ISC",
    "repository": {
      "type": "git",
      "url": "git+https://github.com/mariobrusarosco/api-best-shot.git"
    },
    "bugs": {
      "url": "https://github.com/mariobrusarosco/api-best-shot/issues"
    },
    "homepage": "https://github.com/mariobrusarosco/api-best-shot/#readme",
    "dependencies": {
      "dotenv": "^16.0.2",
      "express": "^4.18.1",
    },
    "devDependencies": {
      "@types/express": "^4.17.13",
      "@types/node": "^18.7.13",
      "nodemon": "^2.0.19",
      "rimraf": "^3.0.2",
      "ts-node": "^10.9.1",
      "typescript": "^4.8.2"
    }
  }

yarn manifest: 
  No manifest

Lockfile: 
  No lockfile
